<?xml version="1.0" encoding="UTF-8"?>
<testng-results ignored="0" total="1" passed="1" failed="0" skipped="0">
  <reporter-output>
  </reporter-output>
  <suite started-at="2021-03-25T23:35:45 AEDT" name="Default suite" finished-at="2021-03-25T23:36:07 AEDT" duration-ms="21742">
    <groups>
    </groups>
    <test started-at="2021-03-25T23:35:45 AEDT" name="Default test" finished-at="2021-03-25T23:36:07 AEDT" duration-ms="21742">
      <class name="tests.CalendarTest">
        <test-method is-config="true" signature="setup()[pri:0, instance:tests.CalendarTest@3ee0fea4]" started-at="2021-03-25T23:35:45 AEDT" name="setup" finished-at="2021-03-25T23:35:53 AEDT" duration-ms="7644" status="PASS">
          <reporter-output>
          </reporter-output>
        </test-method> <!-- setup -->
        <test-method signature="createCalendarInvite(java.lang.String)[pri:0, instance:tests.CalendarTest@3ee0fea4]" started-at="2021-03-25T23:35:53 AEDT" name="createCalendarInvite" data-provider="Title" finished-at="2021-03-25T23:36:07 AEDT" duration-ms="14050" status="PASS">
          <params>
            <param index="0">
              <value>
                <![CDATA[Workshop]]>
              </value>
            </param>
          </params>
          <reporter-output>
          </reporter-output>
        </test-method> <!-- createCalendarInvite -->
      </class> <!-- tests.CalendarTest -->
    </test> <!-- Default test -->
  </suite> <!-- Default suite -->
</testng-results>
